12:25:07 [http-nio-8080-exec-1] INFO  ACCESS - {"remoteHost":"0:0:0:0:0:0:0:1","method":"GET""url":"http://localhost:8080/api/warmup/rank","status":"200","elapsed":248}
12:26:28 [http-nio-8080-exec-1] INFO  ACCESS - {"remoteHost":"0:0:0:0:0:0:0:1","method":"GET""url":"http://localhost:8080/api/warmup/rank","status":"200","elapsed":202}
12:28:40 [http-nio-8080-exec-1] INFO  ACCESS - {"remoteHost":"0:0:0:0:0:0:0:1","method":"GET""url":"http://localhost:8080/api/warmup/rank","status":"200","elapsed":244}
12:32:14 [http-nio-8080-exec-5] INFO  ACCESS - {"remoteHost":"0:0:0:0:0:0:0:1","method":"GET""url":"http://localhost:8080/api/warmup/rank","status":"200","elapsed":217}
12:35:15 [http-nio-8080-exec-2] INFO  ACCESS - {"remoteHost":"0:0:0:0:0:0:0:1","method":"GET""url":"http://localhost:8080/api/warmup/rank","status":"200","elapsed":325}
12:38:02 [http-nio-8080-exec-7] INFO  ACCESS - {"remoteHost":"0:0:0:0:0:0:0:1","method":"GET""url":"http://localhost:8080/api/warmup","status":"200","elapsed":51}
12:40:01 [http-nio-8080-exec-2] INFO  ACCESS - {"remoteHost":"0:0:0:0:0:0:0:1","method":"GET""url":"http://localhost:8080/api/warmup/rank","status":"200","elapsed":3353}
12:41:24 [http-nio-8080-exec-5] INFO  ACCESS - {"remoteHost":"0:0:0:0:0:0:0:1","method":"GET""url":"http://localhost:8080/api/rank/list","status":"200","elapsed":62}
12:42:56 [http-nio-8080-exec-4] INFO  ACCESS - {"remoteHost":"0:0:0:0:0:0:0:1","method":"GET""url":"http://localhost:8080/api/rank/list","status":"200","elapsed":1188}
12:45:09 [http-nio-8080-exec-2] INFO  ACCESS - {"remoteHost":"0:0:0:0:0:0:0:1","method":"GET""url":"http://localhost:8080/api/rank/list","status":"200","elapsed":9}
12:46:02 [http-nio-8080-exec-4] INFO  ACCESS - {"remoteHost":"0:0:0:0:0:0:0:1","method":"GET""url":"http://localhost:8080/api/rank/list","status":"200","elapsed":1012}
14:08:59 [http-nio-8080-exec-2] INFO  ACCESS - {"remoteHost":"0:0:0:0:0:0:0:1","method":"GET""url":"http://localhost:8080/api/rank/list","status":"200","elapsed":1096}
14:10:56 [http-nio-8080-exec-5] INFO  ACCESS - {"remoteHost":"0:0:0:0:0:0:0:1","method":"GET""url":"http://localhost:8080/api/rank/list","status":"200","elapsed":1128}
14:14:05 [http-nio-8080-exec-1] INFO  ACCESS - {"remoteHost":"0:0:0:0:0:0:0:1","method":"GET""url":"http://localhost:8080/api/rank/list","status":"200","elapsed":1079}
14:15:16 [http-nio-8080-exec-9] INFO  ACCESS - {"remoteHost":"0:0:0:0:0:0:0:1","method":"GET""url":"http://localhost:8080/api/rank/list","status":"200","elapsed":5}
14:20:19 [http-nio-8080-exec-2] INFO  ACCESS - {"remoteHost":"0:0:0:0:0:0:0:1","method":"GET""url":"http://localhost:8080/api/warmup/rank","status":"200","elapsed":5730}
14:20:31 [http-nio-8080-exec-3] INFO  ACCESS - {"remoteHost":"0:0:0:0:0:0:0:1","method":"GET""url":"http://localhost:8080/api/rank/list/1","status":"200","elapsed":90}
14:20:52 [http-nio-8080-exec-4] INFO  ACCESS - {"remoteHost":"0:0:0:0:0:0:0:1","method":"GET""url":"http://localhost:8080/api/rank/list/2","status":"200","elapsed":9}
14:20:55 [http-nio-8080-exec-5] INFO  ACCESS - {"remoteHost":"0:0:0:0:0:0:0:1","method":"GET""url":"http://localhost:8080/api/rank/list/3","status":"200","elapsed":7}
14:23:06 [http-nio-8080-exec-8] INFO  ACCESS - {"remoteHost":"0:0:0:0:0:0:0:1","method":"GET""url":"http://localhost:8080/api/warmup","status":"200","elapsed":3607}
14:33:04 [http-nio-8080-exec-1] INFO  ACCESS - 114911번 상품 조회
14:33:04 [http-nio-8080-exec-1] INFO  ACCESS - {"remoteHost":"0:0:0:0:0:0:0:1","method":"GET""url":"http://localhost:8080/api/products/114911","status":"200","elapsed":21}
14:33:48 [http-nio-8080-exec-2] INFO  ACCESS - 1번 상품 조회
14:33:48 [http-nio-8080-exec-2] INFO  ACCESS - {"remoteHost":"0:0:0:0:0:0:0:1","method":"GET""url":"http://localhost:8080/api/products/1","status":"200","elapsed":120}
14:34:38 [http-nio-8080-exec-3] INFO  ACCESS - category: null stock: null minPrice: null maxPrice: null keyword; null sorting: null
14:34:41 [http-nio-8080-exec-3] INFO  ACCESS - {"remoteHost":"0:0:0:0:0:0:0:1","method":"GET""url":"http://localhost:8080/api/products","status":"200","elapsed":2225}
