10:32:06 [main] DEBUG org.hibernate.SQL - 
    
    alter table orders 
       add constraint FK787ibr3guwp6xobrpbofnv7le 
       foreign key (product_id) 
       references product (product_id) 
       on delete cascade 
10:58:55 [main] DEBUG org.hibernate.SQL - 
    
    alter table orders 
       add constraint FK787ibr3guwp6xobrpbofnv7le 
       foreign key (product_id) 
       references product (product_id) 
       on delete cascade 
10:59:41 [main] DEBUG org.hibernate.SQL - 
    
    alter table orders 
       add constraint FKel9kyl84ego2otj2accfd8mr7 
       foreign key (user_id) 
       references user (user_id) 
       on delete cascade 
11:00:29 [main] DEBUG org.hibernate.SQL - 
    
    alter table product 
       add constraint FK1mtsbur82frn64de7balymq9s 
       foreign key (category_id) 
       references category (category_id) 
       on delete cascade 
11:02:21 [main] DEBUG org.hibernate.SQL - 
    
    alter table product 
       add constraint FKqnw4m5cthkq3wu09058sse7g6 
       foreign key (product_info_id) 
       references product_info (product_info_id) 
       on delete cascade 
11:07:27 [main] DEBUG org.hibernate.SQL - 
    
    create table category (
       category_id bigint not null,
        category varchar(255) not null,
        primary key (category_id)
    ) engine=InnoDB 
11:07:27 [main] DEBUG org.hibernate.SQL - 
    
    create table orders (
       order_id bigint not null auto_increment,
        order_num bigint not null,
        order_status varchar(255),
        order_time datetime(6),
        product_id bigint not null,
        user_id bigint not null,
        primary key (order_id)
    ) engine=InnoDB 
11:07:27 [main] DEBUG org.hibernate.SQL - 
    
    create table product (
       product_id bigint not null auto_increment,
        content varchar(255) not null,
        created_time datetime(6),
        photo varchar(255) not null,
        price bigint not null,
        stock bigint not null,
        title varchar(255) not null,
        view integer not null,
        category_id bigint not null,
        product_info_id bigint not null,
        primary key (product_id)
    ) engine=InnoDB 
11:07:27 [main] DEBUG org.hibernate.SQL - 
    
    create table product_info (
       product_info_id bigint not null,
        over_forty bigint not null,
        ten bigint not null,
        thirty bigint not null,
        twenty bigint not null,
        primary key (product_info_id)
    ) engine=InnoDB 
11:07:27 [main] DEBUG org.hibernate.SQL - 
    
    create table user (
       user_id bigint not null auto_increment,
        age varchar(255) not null,
        authority varchar(255),
        email varchar(255) not null,
        password varchar(255) not null,
        primary key (user_id)
    ) engine=InnoDB 
11:07:27 [main] DEBUG org.hibernate.SQL - 
    
    alter table orders 
       add constraint FK787ibr3guwp6xobrpbofnv7le 
       foreign key (product_id) 
       references product (product_id) 
       on delete cascade 
11:07:27 [main] DEBUG org.hibernate.SQL - 
    
    alter table orders 
       add constraint FKel9kyl84ego2otj2accfd8mr7 
       foreign key (user_id) 
       references user (user_id) 
       on delete cascade 
11:07:27 [main] DEBUG org.hibernate.SQL - 
    
    alter table product 
       add constraint FK1mtsbur82frn64de7balymq9s 
       foreign key (category_id) 
       references category (category_id) 
       on delete cascade 
11:07:27 [main] DEBUG org.hibernate.SQL - 
    
    alter table product 
       add constraint FKqnw4m5cthkq3wu09058sse7g6 
       foreign key (product_info_id) 
       references product_info (product_info_id) 
       on delete cascade 
16:29:32 [main] DEBUG org.hibernate.SQL - 
    
    alter table orders 
       add constraint FK787ibr3guwp6xobrpbofnv7le 
       foreign key (product_id) 
       references product (product_id) 
       on delete cascade 
16:30:16 [main] DEBUG org.hibernate.SQL - 
    
    alter table orders 
       add constraint FK787ibr3guwp6xobrpbofnv7le 
       foreign key (product_id) 
       references product (product_id) 
       on delete cascade 
16:30:33 [main] DEBUG org.hibernate.SQL - 
    
    alter table orders 
       add constraint FK787ibr3guwp6xobrpbofnv7le 
       foreign key (product_id) 
       references product (product_id) 
       on delete cascade 
16:31:55 [main] DEBUG org.hibernate.SQL - 
    
    alter table orders 
       add constraint FKel9kyl84ego2otj2accfd8mr7 
       foreign key (user_id) 
       references user (user_id) 
       on delete cascade 
16:32:41 [main] DEBUG org.hibernate.SQL - 
    
    alter table product 
       add constraint FK1mtsbur82frn64de7balymq9s 
       foreign key (category_id) 
       references category (category_id) 
       on delete cascade 
16:34:36 [main] DEBUG org.hibernate.SQL - 
    
    alter table product 
       add constraint FKqnw4m5cthkq3wu09058sse7g6 
       foreign key (product_info_id) 
       references product_info (product_info_id) 
       on delete cascade 
16:43:05 [main] DEBUG org.hibernate.SQL - 
    
    alter table orders 
       add constraint FK787ibr3guwp6xobrpbofnv7le 
       foreign key (product_id) 
       references product (product_id) 
       on delete cascade 
16:43:55 [main] DEBUG org.hibernate.SQL - 
    
    alter table orders 
       add constraint FKel9kyl84ego2otj2accfd8mr7 
       foreign key (user_id) 
       references user (user_id) 
       on delete cascade 
16:44:46 [main] DEBUG org.hibernate.SQL - 
    
    alter table product 
       add constraint FK1mtsbur82frn64de7balymq9s 
       foreign key (category_id) 
       references category (category_id) 
       on delete cascade 
16:46:48 [main] DEBUG org.hibernate.SQL - 
    
    alter table product 
       add constraint FKqnw4m5cthkq3wu09058sse7g6 
       foreign key (product_info_id) 
       references product_info (product_info_id) 
       on delete cascade 
16:47:54 [http-nio-8080-exec-2] DEBUG org.hibernate.SQL - 
    select
        product0_.product_id as product_1_2_,
        product0_.category_id as category9_2_,
        product0_.content as content2_2_,
        product0_.created_time as created_3_2_,
        product0_.photo as photo4_2_,
        product0_.price as price5_2_,
        product0_.product_info_id as product10_2_,
        product0_.stock as stock6_2_,
        product0_.title as title7_2_,
        product0_.view as view8_2_ 
    from
        product product0_ 
    where
        product0_.category_id=? 
    order by
        product0_.view desc limit ? 
16:52:28 [main] DEBUG org.hibernate.SQL - 
    
    alter table orders 
       add constraint FK787ibr3guwp6xobrpbofnv7le 
       foreign key (product_id) 
       references product (product_id) 
       on delete cascade 
16:53:18 [main] DEBUG org.hibernate.SQL - 
    
    alter table orders 
       add constraint FKel9kyl84ego2otj2accfd8mr7 
       foreign key (user_id) 
       references user (user_id) 
       on delete cascade 
16:55:41 [main] DEBUG org.hibernate.SQL - 
    
    alter table product 
       add constraint FK1mtsbur82frn64de7balymq9s 
       foreign key (category_id) 
       references category (category_id) 
       on delete cascade 
16:56:38 [main] DEBUG org.hibernate.SQL - 
    
    alter table product 
       add constraint FKqnw4m5cthkq3wu09058sse7g6 
       foreign key (product_info_id) 
       references product_info (product_info_id) 
       on delete cascade 
17:02:20 [main] DEBUG org.hibernate.SQL - 
    
    alter table orders 
       add constraint FK787ibr3guwp6xobrpbofnv7le 
       foreign key (product_id) 
       references product (product_id) 
       on delete cascade 
17:03:08 [main] DEBUG org.hibernate.SQL - 
    
    alter table orders 
       add constraint FKel9kyl84ego2otj2accfd8mr7 
       foreign key (user_id) 
       references user (user_id) 
       on delete cascade 
17:03:55 [main] DEBUG org.hibernate.SQL - 
    
    alter table product 
       add constraint FK1mtsbur82frn64de7balymq9s 
       foreign key (category_id) 
       references category (category_id) 
       on delete cascade 
17:06:18 [main] DEBUG org.hibernate.SQL - 
    
    alter table product 
       add constraint FKqnw4m5cthkq3wu09058sse7g6 
       foreign key (product_info_id) 
       references product_info (product_info_id) 
       on delete cascade 
